info: Initilizing commands files and folders.... {"timestamp":"2023-11-06T11:16:33.384Z"}
info: Found 2 folders. {"timestamp":"2023-11-06T11:16:33.387Z"}
info: Analyzing folder heading {"timestamp":"2023-11-06T11:16:33.387Z"}
info: Found 7 individual command(s) inside heading {"timestamp":"2023-11-06T11:16:33.388Z"}
info: Analyzing folder link {"timestamp":"2023-11-06T11:16:33.425Z"}
info: Found 10 individual command(s) inside link {"timestamp":"2023-11-06T11:16:33.426Z"}
info: [MONGO] Mongoose has successfully connected! {"timestamp":"2023-11-06T11:16:36.048Z"}
info: [DISCORD] RR Beta#2690 has logged in! {"timestamp":"2023-11-06T11:16:37.965Z"}
info: Initilizing commands files and folders.... {"timestamp":"2023-11-06T11:25:31.544Z"}
info: Found 2 folders. {"timestamp":"2023-11-06T11:25:31.549Z"}
info: Analyzing folder heading {"timestamp":"2023-11-06T11:25:31.550Z"}
info: Found 7 individual command(s) inside heading {"timestamp":"2023-11-06T11:25:31.551Z"}
info: Analyzing folder link {"timestamp":"2023-11-06T11:25:31.561Z"}
info: Found 10 individual command(s) inside link {"timestamp":"2023-11-06T11:25:31.562Z"}
info: Initilizing commands files and folders.... {"timestamp":"2023-11-06T11:25:44.709Z"}
info: Found 2 folders. {"timestamp":"2023-11-06T11:25:44.712Z"}
info: Analyzing folder heading {"timestamp":"2023-11-06T11:25:44.713Z"}
info: Found 7 individual command(s) inside heading {"timestamp":"2023-11-06T11:25:44.714Z"}
info: Analyzing folder link {"timestamp":"2023-11-06T11:25:44.724Z"}
info: Found 10 individual command(s) inside link {"timestamp":"2023-11-06T11:25:44.724Z"}
info: [MONGO] Mongoose has successfully connected! {"timestamp":"2023-11-06T11:25:47.553Z"}
info: [DISCORD] RR Beta#2690 has logged in! {"timestamp":"2023-11-06T11:25:49.622Z"}
info: Initilizing commands files and folders.... {"timestamp":"2023-11-06T11:39:19.919Z"}
info: Found 2 folders. {"timestamp":"2023-11-06T11:39:19.922Z"}
info: Analyzing folder heading {"timestamp":"2023-11-06T11:39:19.922Z"}
info: Found 7 individual command(s) inside heading {"timestamp":"2023-11-06T11:39:19.925Z"}
info: Analyzing folder link {"timestamp":"2023-11-06T11:39:19.937Z"}
info: Found 10 individual command(s) inside link {"timestamp":"2023-11-06T11:39:19.937Z"}
info: [MONGO] Mongoose has successfully connected! {"timestamp":"2023-11-06T11:39:22.866Z"}
info: [DISCORD] RR Beta#2690 has logged in! {"timestamp":"2023-11-06T11:39:24.407Z"}
